Determining if the pthread_create exist failed with the following output:
Change Dir: /home/mostafa/catkin_ws/build/CMakeFiles/CMakeTmp

Run Build Command:"/usr/bin/make" "cmTC_6054d/fast"
/usr/bin/make -f CMakeFiles/cmTC_6054d.dir/build.make CMakeFiles/cmTC_6054d.dir/build
make[1]: Entering directory '/home/mostafa/catkin_ws/build/CMakeFiles/CMakeTmp'
Building C object CMakeFiles/cmTC_6054d.dir/CheckSymbolExists.c.o
/usr/bin/cc    -o CMakeFiles/cmTC_6054d.dir/CheckSymbolExists.c.o   -c /home/mostafa/catkin_ws/build/CMakeFiles/CMakeTmp/CheckSymbolExists.c
Linking C executable cmTC_6054d
/usr/bin/cmake -E cmake_link_script CMakeFiles/cmTC_6054d.dir/link.txt --verbose=1
/usr/bin/cc      -rdynamic CMakeFiles/cmTC_6054d.dir/CheckSymbolExists.c.o  -o cmTC_6054d 
CMakeFiles/cmTC_6054d.dir/CheckSymbolExists.c.o: In function `main':
CheckSymbolExists.c:(.text+0x1b): undefined reference to `pthread_create'
collect2: error: ld returned 1 exit status
CMakeFiles/cmTC_6054d.dir/build.make:97: recipe for target 'cmTC_6054d' failed
make[1]: *** [cmTC_6054d] Error 1
make[1]: Leaving directory '/home/mostafa/catkin_ws/build/CMakeFiles/CMakeTmp'
Makefile:126: recipe for target 'cmTC_6054d/fast' failed
make: *** [cmTC_6054d/fast] Error 2

File /home/mostafa/catkin_ws/build/CMakeFiles/CMakeTmp/CheckSymbolExists.c:
/* */
#include <pthread.h>

int main(int argc, char** argv)
{
  (void)argv;
#ifndef pthread_create
  return ((int*)(&pthread_create))[argc];
#else
  (void)argc;
  return 0;
#endif
}

Determining if the function pthread_create exists in the pthreads failed with the following output:
Change Dir: /home/mostafa/catkin_ws/build/CMakeFiles/CMakeTmp

Run Build Command:"/usr/bin/make" "cmTC_39317/fast"
/usr/bin/make -f CMakeFiles/cmTC_39317.dir/build.make CMakeFiles/cmTC_39317.dir/build
make[1]: Entering directory '/home/mostafa/catkin_ws/build/CMakeFiles/CMakeTmp'
Building C object CMakeFiles/cmTC_39317.dir/CheckFunctionExists.c.o
/usr/bin/cc   -DCHECK_FUNCTION_EXISTS=pthread_create   -o CMakeFiles/cmTC_39317.dir/CheckFunctionExists.c.o   -c /usr/share/cmake-3.10/Modules/CheckFunctionExists.c
Linking C executable cmTC_39317
/usr/bin/cmake -E cmake_link_script CMakeFiles/cmTC_39317.dir/link.txt --verbose=1
/usr/bin/cc  -DCHECK_FUNCTION_EXISTS=pthread_create    -rdynamic CMakeFiles/cmTC_39317.dir/CheckFunctionExists.c.o  -o cmTC_39317 -lpthreads 
/usr/bin/ld: cannot find -lpthreads
collect2: error: ld returned 1 exit status
CMakeFiles/cmTC_39317.dir/build.make:97: recipe for target 'cmTC_39317' failed
make[1]: *** [cmTC_39317] Error 1
make[1]: Leaving directory '/home/mostafa/catkin_ws/build/CMakeFiles/CMakeTmp'
Makefile:126: recipe for target 'cmTC_39317/fast' failed
make: *** [cmTC_39317/fast] Error 2


